<?xml version="1.0" encoding="UTF-8"?>
<testsuite xmlns:xsi="http://www.w3.org/2001/XMLSchema-instance" xsi:noNamespaceSchemaLocation="https://maven.apache.org/surefire/maven-surefire-plugin/xsd/surefire-test-report-3.0.xsd" version="3.0" name="avl.AvlTreeTest$deleteLeafNodes" time="0.041" tests="4" errors="0" skipped="0" failures="0">
  <properties>
[...]
</properties>
  <testcase name="deletingLeafLeafNode" classname="avl.AvlTreeTest$deleteLeafNodes" time="0.006"/>
  <testcase name="deletingCompleteTree" classname="avl.AvlTreeTest$deleteLeafNodes" time="0.006"/>
  <testcase name="deletingRightLeafNode" classname="avl.AvlTreeTest$deleteLeafNodes" time="0.006"/>
  <testcase name="deletingBothLeafNodes" classname="avl.AvlTreeTest$deleteLeafNodes" time="0.007"/>
</testsuite>